[31m>> 404: /photos/pasta.jpg[39m
[31m>> 404: /photos/rembrandt.jpg[39m
[31m>> 404: /photos/pompadour.jpg[39m
[31m>> 404: /photos/briard.jpg[39m
[31m>> 404: /photos/fuji.jpg[39m
[31m>> 404: /photos/mercury.jpg[39m
[31m>> 404: /photos/st-basils-cathedral.jpg[39m
[31m>> 404: /photos/spruce-goose.jpg[39m
[31m>> 404: /photos/zhivago.jpg[39m
[31m>> 404: /audio/clips/A.mp3[39m
[31m>> 404: /audio/clips/B.mp3[39m
[31m>> 404: /audio/clips/C.mp3[39m
[31m>> 404: /audio/clips/D.mp3[39m
[31m>> 404: /audio/clips/E.mp3[39m
[31m>> 404: /audio/clips/F.mp3[39m
[31m>> 404: /audio/clips/G.mp3[39m
[31m>> 404: /audio/clips/H.mp3[39m
[31m>> 404: /audio/clips/I.mp3[39m
[31m>> 404: /audio/clips/J.mp3[39m
[31m>> 404: /audio/clips/A.mp3[39m
[31m>> 404: /audio/clips/B.mp3[39m
[31m>> 404: /audio/clips/C.mp3[39m
[31m>> 404: /audio/clips/D.mp3[39m
[31m>> 404: /audio/clips/E.mp3[39m
[31m>> 404: /audio/clips/F.mp3[39m
[31m>> 404: /audio/clips/G.mp3[39m
[31m>> 404: /audio/clips/H.mp3[39m
[31m>> 404: /audio/clips/I.mp3[39m
[31m>> 404: /audio/clips/J.mp3[39m
[31m>> 404: /photos/vox/tyler.jpg[39m
[31m>> 404: /photos/mitochondria.png[39m
[31m>> 404: /photos/vox/douche.png[39m
[31m>> 404: /photos/pasta.jpg[39m
[31m>> 404: /photos/rembrandt.jpg[39m
[31m>> 404: /photos/pompadour.jpg[39m
[31m>> 404: /photos/briard.jpg[39m
[31m>> 404: /photos/fuji.jpg[39m
[31m>> 404: /photos/mercury.jpg[39m
[31m>> 404: /photos/st-basils-cathedral.jpg[39m
[31m>> 404: /photos/spruce-goose.jpg[39m
[31m>> 404: /photos/zhivago.jpg[39m
[31m>> 404: /photos/mitochondria.png[39m
[31m>> 404: /photos/vox/tyler.jpg[39m
[31m>> 404: /photos/vox/douche.png[39m
[31m>> 404: /audio/clips/A.mp3[39m
[31m>> 404: /audio/clips/B.mp3[39m
[31m>> 404: /audio/clips/C.mp3[39m
[31m>> 404: /audio/clips/D.mp3[39m
[31m>> 404: /audio/clips/E.mp3[39m
[31m>> 404: /audio/clips/F.mp3[39m
[31m>> 404: /audio/clips/G.mp3[39m
[31m>> 404: /audio/clips/H.mp3[39m
[31m>> 404: /audio/clips/I.mp3[39m
[31m>> 404: /audio/clips/J.mp3[39m
[31m>> 404: /audio/clips/A.mp3[39m
[31m>> 404: /audio/clips/B.mp3[39m
[31m>> 404: /audio/clips/C.mp3[39m
[31m>> 404: /audio/clips/D.mp3[39m
[31m>> 404: /audio/clips/E.mp3[39m
[31m>> 404: /audio/clips/F.mp3[39m
[31m>> 404: /audio/clips/G.mp3[39m
[31m>> 404: /audio/clips/H.mp3[39m
[31m>> 404: /audio/clips/I.mp3[39m
[31m>> 404: /audio/clips/J.mp3[39m
[31m>> 404: /photos/pasta.jpg[39m
[31m>> 404: /photos/rembrandt.jpg[39m
[31m>> 404: /photos/pompadour.jpg[39m
[31m>> 404: /photos/briard.jpg[39m
[31m>> 404: /photos/fuji.jpg[39m
[31m>> 404: /photos/mercury.jpg[39m
[31m>> 404: /photos/st-basils-cathedral.jpg[39m
[31m>> 404: /photos/spruce-goose.jpg[39m
[31m>> 404: /photos/zhivago.jpg[39m
[31m>> 404: /photos/mitochondria.png[39m
[31m>> 404: /photos/vox/tyler.jpg[39m
[31m>> 404: /photos/vox/douche.png[39m
[31m>> 404: /audio/clips/A.mp3[39m
[31m>> 404: /audio/clips/B.mp3[39m
[31m>> 404: /audio/clips/C.mp3[39m
[31m>> 404: /audio/clips/D.mp3[39m
[31m>> 404: /audio/clips/E.mp3[39m
[31m>> 404: /audio/clips/F.mp3[39m
[31m>> 404: /audio/clips/G.mp3[39m
[31m>> 404: /audio/clips/H.mp3[39m
[31m>> 404: /audio/clips/I.mp3[39m
[31m>> 404: /audio/clips/J.mp3[39m
[31m>> 404: /audio/clips/A.mp3[39m
[31m>> 404: /audio/clips/B.mp3[39m
[31m>> 404: /audio/clips/C.mp3[39m
[31m>> 404: /audio/clips/D.mp3[39m
[31m>> 404: /audio/clips/E.mp3[39m
[31m>> 404: /audio/clips/F.mp3[39m
[31m>> 404: /audio/clips/G.mp3[39m
[31m>> 404: /audio/clips/H.mp3[39m
[31m>> 404: /audio/clips/I.mp3[39m
[31m>> 404: /audio/clips/J.mp3[39m
[31m>> 404: /photos/pasta.jpg[39m
[31m>> 404: /photos/rembrandt.jpg[39m
[31m>> 404: /photos/pompadour.jpg[39m
[31m>> 404: /audio/clips/A.mp3[39m
[31m>> 404: /audio/clips/B.mp3[39m
[31m>> 404: /audio/clips/C.mp3[39m
[31m>> 404: /audio/clips/D.mp3[39m
[31m>> 404: /audio/clips/E.mp3[39m
[31m>> 404: /audio/clips/F.mp3[39m
[31m>> 404: /audio/clips/G.mp3[39m
[31m>> 404: /audio/clips/H.mp3[39m
[31m>> 404: /audio/clips/I.mp3[39m
[31m>> 404: /audio/clips/J.mp3[39m
[31m>> 404: /audio/clips/A.mp3[39m
[31m>> 404: /audio/clips/B.mp3[39m
[31m>> 404: /audio/clips/C.mp3[39m
[31m>> 404: /audio/clips/D.mp3[39m
[31m>> 404: /audio/clips/E.mp3[39m
[31m>> 404: /audio/clips/F.mp3[39m
[31m>> 404: /audio/clips/G.mp3[39m
[31m>> 404: /audio/clips/H.mp3[39m
[31m>> 404: /audio/clips/I.mp3[39m
[31m>> 404: /audio/clips/J.mp3[39m
[31m>> 404: /photos/briard.jpg[39m
[31m>> 404: /photos/fuji.jpg[39m
[31m>> 404: /photos/mercury.jpg[39m
[31m>> 404: /photos/st-basils-cathedral.jpg[39m
[31m>> 404: /photos/spruce-goose.jpg[39m
[31m>> 404: /photos/zhivago.jpg[39m
[31m>> 404: /photos/mitochondria.png[39m
[31m>> 404: /photos/vox/tyler.jpg[39m
[31m>> 404: /photos/vox/douche.png[39m
[31m>> 404: /photos/pasta.jpg[39m
[31m>> 404: /photos/rembrandt.jpg[39m
[31m>> 404: /photos/pompadour.jpg[39m
[31m>> 404: /photos/briard.jpg[39m
[31m>> 404: /photos/fuji.jpg[39m
[31m>> 404: /photos/mercury.jpg[39m
[31m>> 404: /photos/st-basils-cathedral.jpg[39m
[31m>> 404: /photos/spruce-goose.jpg[39m
[31m>> 404: /photos/zhivago.jpg[39m
[31m>> 404: /photos/mitochondria.png[39m
[31m>> 404: /photos/vox/tyler.jpg[39m
[31m>> 404: /photos/vox/douche.png[39m
[31m>> 404: /audio/clips/A.mp3[39m
[31m>> 404: /audio/clips/B.mp3[39m
[31m>> 404: /audio/clips/C.mp3[39m
[31m>> 404: /audio/clips/D.mp3[39m
[31m>> 404: /audio/clips/E.mp3[39m
[31m>> 404: /audio/clips/F.mp3[39m
[31m>> 404: /audio/clips/G.mp3[39m
[31m>> 404: /audio/clips/H.mp3[39m
[31m>> 404: /audio/clips/I.mp3[39m
[31m>> 404: /audio/clips/J.mp3[39m
[31m>> 404: /audio/clips/A.mp3[39m
[31m>> 404: /audio/clips/B.mp3[39m
[31m>> 404: /audio/clips/C.mp3[39m
[31m>> 404: /audio/clips/D.mp3[39m
[31m>> 404: /audio/clips/E.mp3[39m
[31m>> 404: /audio/clips/F.mp3[39m
[31m>> 404: /audio/clips/G.mp3[39m
[31m>> 404: /audio/clips/H.mp3[39m
[31m>> 404: /audio/clips/I.mp3[39m
[31m>> 404: /audio/clips/J.mp3[39m
[31m>> 404: /photos/pasta.jpg[39m
[31m>> 404: /photos/rembrandt.jpg[39m
[31m>> 404: /photos/pompadour.jpg[39m
[31m>> 404: /photos/briard.jpg[39m
[31m>> 404: /photos/fuji.jpg[39m
[31m>> 404: /photos/mercury.jpg[39m
[31m>> 404: /photos/st-basils-cathedral.jpg[39m
[31m>> 404: /photos/spruce-goose.jpg[39m
[31m>> 404: /photos/zhivago.jpg[39m
[31m>> 404: /photos/mitochondria.png[39m
[31m>> 404: /photos/vox/tyler.jpg[39m
[31m>> 404: /photos/vox/douche.png[39m
[31m>> 404: /audio/clips/A.mp3[39m
[31m>> 404: /audio/clips/B.mp3[39m
[31m>> 404: /audio/clips/C.mp3[39m
[31m>> 404: /audio/clips/D.mp3[39m
[31m>> 404: /audio/clips/E.mp3[39m
[31m>> 404: /audio/clips/F.mp3[39m
[31m>> 404: /audio/clips/G.mp3[39m
[31m>> 404: /audio/clips/H.mp3[39m
[31m>> 404: /audio/clips/I.mp3[39m
[31m>> 404: /audio/clips/J.mp3[39m
[31m>> 404: /audio/clips/A.mp3[39m
[31m>> 404: /audio/clips/B.mp3[39m
[31m>> 404: /audio/clips/C.mp3[39m
[31m>> 404: /audio/clips/D.mp3[39m
[31m>> 404: /audio/clips/E.mp3[39m
[31m>> 404: /audio/clips/F.mp3[39m
[31m>> 404: /audio/clips/G.mp3[39m
[31m>> 404: /audio/clips/H.mp3[39m
[31m>> 404: /audio/clips/I.mp3[39m
[31m>> 404: /audio/clips/J.mp3[39m
[31m>> 404: /photos/pasta.jpg[39m
[31m>> 404: /photos/rembrandt.jpg[39m
[31m>> 404: /photos/pompadour.jpg[39m
[31m>> 404: /photos/briard.jpg[39m
[31m>> 404: /photos/fuji.jpg[39m
[31m>> 404: /photos/mercury.jpg[39m
[31m>> 404: /photos/st-basils-cathedral.jpg[39m
[31m>> 404: /photos/spruce-goose.jpg[39m
[31m>> 404: /photos/zhivago.jpg[39m
[31m>> 404: /photos/mitochondria.png[39m
[31m>> 404: /photos/vox/tyler.jpg[39m
[31m>> 404: /photos/vox/douche.png[39m
[31m>> 404: /audio/clips/A.mp3[39m
[31m>> 404: /audio/clips/B.mp3[39m
[31m>> 404: /audio/clips/C.mp3[39m
[31m>> 404: /audio/clips/D.mp3[39m
[31m>> 404: /audio/clips/E.mp3[39m
[31m>> 404: /audio/clips/F.mp3[39m
[31m>> 404: /audio/clips/G.mp3[39m
[31m>> 404: /audio/clips/H.mp3[39m
[31m>> 404: /audio/clips/I.mp3[39m
[31m>> 404: /audio/clips/J.mp3[39m
[31m>> 404: /audio/clips/A.mp3[39m
[31m>> 404: /audio/clips/B.mp3[39m
[31m>> 404: /audio/clips/C.mp3[39m
[31m>> 404: /audio/clips/D.mp3[39m
[31m>> 404: /audio/clips/E.mp3[39m
[31m>> 404: /audio/clips/F.mp3[39m
[31m>> 404: /audio/clips/G.mp3[39m
[31m>> 404: /audio/clips/H.mp3[39m
[31m>> 404: /audio/clips/I.mp3[39m
[31m>> 404: /audio/clips/J.mp3[39m
[31m>> 404: /photos/pasta.jpg[39m
[31m>> 404: /photos/rembrandt.jpg[39m
[31m>> 404: /photos/pompadour.jpg[39m
[31m>> 404: /photos/briard.jpg[39m
[31m>> 404: /photos/fuji.jpg[39m
[31m>> 404: /photos/mercury.jpg[39m
[31m>> 404: /photos/st-basils-cathedral.jpg[39m
[31m>> 404: /photos/spruce-goose.jpg[39m
[31m>> 404: /photos/zhivago.jpg[39m
[31m>> 404: /photos/mitochondria.png[39m
[31m>> 404: /photos/vox/tyler.jpg[39m
[31m>> 404: /photos/vox/douche.png[39m
[31m>> 404: /audio/clips/A.mp3[39m
[31m>> 404: /audio/clips/B.mp3[39m
[31m>> 404: /audio/clips/C.mp3[39m
[31m>> 404: /audio/clips/D.mp3[39m
[31m>> 404: /audio/clips/E.mp3[39m
[31m>> 404: /audio/clips/F.mp3[39m
[31m>> 404: /audio/clips/G.mp3[39m
[31m>> 404: /audio/clips/H.mp3[39m
[31m>> 404: /audio/clips/I.mp3[39m
[31m>> 404: /audio/clips/J.mp3[39m
[31m>> 404: /audio/clips/A.mp3[39m
[31m>> 404: /audio/clips/B.mp3[39m
[31m>> 404: /audio/clips/C.mp3[39m
[31m>> 404: /audio/clips/D.mp3[39m
[31m>> 404: /audio/clips/E.mp3[39m
[31m>> 404: /audio/clips/F.mp3[39m
[31m>> 404: /audio/clips/G.mp3[39m
[31m>> 404: /audio/clips/H.mp3[39m
[31m>> 404: /audio/clips/I.mp3[39m
[31m>> 404: /audio/clips/J.mp3[39m
[31m>> 404: /photos/pasta.jpg[39m
[31m>> 404: /photos/rembrandt.jpg[39m
[31m>> 404: /photos/pompadour.jpg[39m
[31m>> 404: /photos/briard.jpg[39m
[31m>> 404: /photos/fuji.jpg[39m
[31m>> 404: /photos/mercury.jpg[39m
[31m>> 404: /photos/st-basils-cathedral.jpg[39m
[31m>> 404: /photos/spruce-goose.jpg[39m
[31m>> 404: /photos/zhivago.jpg[39m
[31m>> 404: /photos/mitochondria.png[39m
[31m>> 404: /photos/vox/tyler.jpg[39m
[31m>> 404: /photos/vox/douche.png[39m
[31m>> 404: /photos/pasta.jpg[39m
[31m>> 404: /photos/rembrandt.jpg[39m
[31m>> 404: /photos/pompadour.jpg[39m
[31m>> 404: /photos/briard.jpg[39m
[31m>> 404: /photos/fuji.jpg[39m
[31m>> 404: /photos/mercury.jpg[39m
[31m>> 404: /photos/st-basils-cathedral.jpg[39m
[31m>> 404: /photos/spruce-goose.jpg[39m
[31m>> 404: /photos/zhivago.jpg[39m
[31m>> 404: /photos/mitochondria.png[39m
[31m>> 404: /photos/vox/tyler.jpg[39m
[31m>> 404: /photos/vox/douche.png[39m
[31m>> 404: /audio/clips/A.mp3[39m
[31m>> 404: /audio/clips/B.mp3[39m
[31m>> 404: /audio/clips/C.mp3[39m
[31m>> 404: /audio/clips/D.mp3[39m
[31m>> 404: /audio/clips/E.mp3[39m
[31m>> 404: /audio/clips/F.mp3[39m
[31m>> 404: /audio/clips/G.mp3[39m
[31m>> 404: /audio/clips/H.mp3[39m
[31m>> 404: /audio/clips/I.mp3[39m
[31m>> 404: /audio/clips/J.mp3[39m
[31m>> 404: /audio/clips/A.mp3[39m
[31m>> 404: /audio/clips/B.mp3[39m
[31m>> 404: /audio/clips/C.mp3[39m
[31m>> 404: /audio/clips/D.mp3[39m
[31m>> 404: /audio/clips/E.mp3[39m
[31m>> 404: /audio/clips/F.mp3[39m
[31m>> 404: /audio/clips/G.mp3[39m
[31m>> 404: /audio/clips/H.mp3[39m
[31m>> 404: /audio/clips/I.mp3[39m
[31m>> 404: /audio/clips/J.mp3[39m
[31m>> 404: /photos/pasta.jpg[39m
[31m>> 404: /photos/rembrandt.jpg[39m
[31m>> 404: /photos/pompadour.jpg[39m
[31m>> 404: /photos/briard.jpg[39m
[31m>> 404: /photos/fuji.jpg[39m
[31m>> 404: /photos/mercury.jpg[39m
[31m>> 404: /photos/st-basils-cathedral.jpg[39m
[31m>> 404: /photos/spruce-goose.jpg[39m
[31m>> 404: /photos/zhivago.jpg[39m
[31m>> 404: /photos/mitochondria.png[39m
[31m>> 404: /photos/vox/tyler.jpg[39m
[31m>> 404: /photos/vox/douche.png[39m
[31m>> 404: /photos/pasta.jpg[39m
[31m>> 404: /photos/rembrandt.jpg[39m
[31m>> 404: /photos/pompadour.jpg[39m
[31m>> 404: /photos/briard.jpg[39m
[31m>> 404: /photos/fuji.jpg[39m
[31m>> 404: /photos/mercury.jpg[39m
[31m>> 404: /photos/st-basils-cathedral.jpg[39m
[31m>> 404: /photos/spruce-goose.jpg[39m
[31m>> 404: /photos/zhivago.jpg[39m
[31m>> 404: /photos/mitochondria.png[39m
[31m>> 404: /photos/vox/tyler.jpg[39m
[31m>> 404: /photos/vox/douche.png[39m
[31m>> 404: /audio/clips/A.mp3[39m
[31m>> 404: /audio/clips/B.mp3[39m
[31m>> 404: /audio/clips/C.mp3[39m
[31m>> 404: /audio/clips/D.mp3[39m
[31m>> 404: /audio/clips/E.mp3[39m
[31m>> 404: /audio/clips/F.mp3[39m
[31m>> 404: /audio/clips/G.mp3[39m
[31m>> 404: /audio/clips/H.mp3[39m
[31m>> 404: /audio/clips/I.mp3[39m
[31m>> 404: /audio/clips/J.mp3[39m
[31m>> 404: /audio/clips/A.mp3[39m
[31m>> 404: /audio/clips/B.mp3[39m
[31m>> 404: /audio/clips/C.mp3[39m
[31m>> 404: /audio/clips/D.mp3[39m
[31m>> 404: /audio/clips/E.mp3[39m
[31m>> 404: /audio/clips/F.mp3[39m
[31m>> 404: /audio/clips/G.mp3[39m
[31m>> 404: /audio/clips/H.mp3[39m
[31m>> 404: /audio/clips/I.mp3[39m
[31m>> 404: /audio/clips/J.mp3[39m
[31m>> 404: /photos/pasta.jpg[39m
[31m>> 404: /photos/rembrandt.jpg[39m
[31m>> 404: /photos/pompadour.jpg[39m
[31m>> 404: /photos/briard.jpg[39m
[31m>> 404: /photos/fuji.jpg[39m
[31m>> 404: /photos/mercury.jpg[39m
[31m>> 404: /photos/st-basils-cathedral.jpg[39m
[31m>> 404: /photos/spruce-goose.jpg[39m
[31m>> 404: /photos/zhivago.jpg[39m
[31m>> 404: /photos/mitochondria.png[39m
[31m>> 404: /photos/vox/tyler.jpg[39m
[31m>> 404: /photos/vox/douche.png[39m
[31m>> 404: /photos/pasta.jpg[39m
[31m>> 404: /photos/rembrandt.jpg[39m
[31m>> 404: /photos/pompadour.jpg[39m
[31m>> 404: /photos/briard.jpg[39m
[31m>> 404: /photos/fuji.jpg[39m
[31m>> 404: /photos/mercury.jpg[39m
[31m>> 404: /photos/st-basils-cathedral.jpg[39m
[31m>> 404: /photos/spruce-goose.jpg[39m
[31m>> 404: /photos/zhivago.jpg[39m
[31m>> 404: /photos/mitochondria.png[39m
[31m>> 404: /audio/clips/A.mp3[39m
[31m>> 404: /audio/clips/B.mp3[39m
[31m>> 404: /audio/clips/C.mp3[39m
[31m>> 404: /audio/clips/D.mp3[39m
[31m>> 404: /audio/clips/E.mp3[39m
[31m>> 404: /audio/clips/F.mp3[39m
[31m>> 404: /audio/clips/G.mp3[39m
[31m>> 404: /audio/clips/H.mp3[39m
[31m>> 404: /audio/clips/I.mp3[39m
[31m>> 404: /audio/clips/J.mp3[39m
[31m>> 404: /audio/clips/A.mp3[39m
[31m>> 404: /audio/clips/B.mp3[39m
[31m>> 404: /audio/clips/C.mp3[39m
[31m>> 404: /audio/clips/D.mp3[39m
[31m>> 404: /audio/clips/E.mp3[39m
[31m>> 404: /audio/clips/F.mp3[39m
[31m>> 404: /audio/clips/G.mp3[39m
[31m>> 404: /audio/clips/H.mp3[39m
[31m>> 404: /audio/clips/I.mp3[39m
[31m>> 404: /audio/clips/J.mp3[39m
[31m>> 404: /photos/pasta.jpg[39m
[31m>> 404: /photos/rembrandt.jpg[39m
[31m>> 404: /photos/pompadour.jpg[39m
[31m>> 404: /photos/briard.jpg[39m
[31m>> 404: /photos/fuji.jpg[39m
[31m>> 404: /photos/mercury.jpg[39m
[31m>> 404: /photos/st-basils-cathedral.jpg[39m
[31m>> 404: /photos/spruce-goose.jpg[39m
[31m>> 404: /photos/zhivago.jpg[39m
[31m>> 404: /photos/mitochondria.png[39m
[31m>> 404: /photos/vox/tyler.jpg[39m
[31m>> 404: /photos/vox/douche.png[39m
[31m>> 404: /photos/pasta.jpg[39m
[31m>> 404: /photos/rembrandt.jpg[39m
[31m>> 404: /photos/pompadour.jpg[39m
[31m>> 404: /photos/briard.jpg[39m
[31m>> 404: /photos/fuji.jpg[39m
[31m>> 404: /photos/mercury.jpg[39m
[31m>> 404: /photos/st-basils-cathedral.jpg[39m
[31m>> 404: /photos/spruce-goose.jpg[39m
[31m>> 404: /photos/zhivago.jpg[39m
[31m>> 404: /photos/mitochondria.png[39m
[31m>> 404: /photos/vox/tyler.jpg[39m
[31m>> 404: /photos/vox/douche.png[39m
[31m>> 404: /audio/clips/A.mp3[39m
[31m>> 404: /audio/clips/B.mp3[39m
[31m>> 404: /audio/clips/C.mp3[39m
[31m>> 404: /audio/clips/D.mp3[39m
[31m>> 404: /audio/clips/E.mp3[39m
[31m>> 404: /audio/clips/F.mp3[39m
[31m>> 404: /audio/clips/G.mp3[39m
[31m>> 404: /audio/clips/H.mp3[39m
[31m>> 404: /audio/clips/I.mp3[39m
[31m>> 404: /audio/clips/J.mp3[39m
[31m>> 404: /audio/clips/A.mp3[39m
[31m>> 404: /audio/clips/B.mp3[39m
[31m>> 404: /audio/clips/C.mp3[39m
[31m>> 404: /audio/clips/D.mp3[39m
[31m>> 404: /audio/clips/E.mp3[39m
[31m>> 404: /audio/clips/F.mp3[39m
[31m>> 404: /audio/clips/G.mp3[39m
[31m>> 404: /audio/clips/H.mp3[39m
[31m>> 404: /audio/clips/I.mp3[39m
[31m>> 404: /audio/clips/J.mp3[39m
[31m>> 404: /photos/pasta.jpg[39m
[31m>> 404: /photos/rembrandt.jpg[39m
[31m>> 404: /photos/pompadour.jpg[39m
[31m>> 404: /photos/briard.jpg[39m
[31m>> 404: /photos/fuji.jpg[39m
[31m>> 404: /photos/mercury.jpg[39m
[31m>> 404: /photos/st-basils-cathedral.jpg[39m
[31m>> 404: /photos/spruce-goose.jpg[39m
[31m>> 404: /photos/zhivago.jpg[39m
[31m>> 404: /photos/mitochondria.png[39m
[31m>> 404: /photos/vox/tyler.jpg[39m
[31m>> 404: /photos/vox/douche.png[39m
[31m>> 404: /audio/clips/A.mp3[39m
[31m>> 404: /audio/clips/B.mp3[39m
[31m>> 404: /audio/clips/C.mp3[39m
[31m>> 404: /audio/clips/D.mp3[39m
[31m>> 404: /audio/clips/E.mp3[39m
[31m>> 404: /audio/clips/F.mp3[39m
[31m>> 404: /audio/clips/G.mp3[39m
[31m>> 404: /audio/clips/H.mp3[39m
[31m>> 404: /audio/clips/I.mp3[39m
[31m>> 404: /audio/clips/J.mp3[39m
[31m>> 404: /audio/clips/A.mp3[39m
[31m>> 404: /audio/clips/B.mp3[39m
[31m>> 404: /audio/clips/C.mp3[39m
[31m>> 404: /audio/clips/D.mp3[39m
[31m>> 404: /audio/clips/E.mp3[39m
[31m>> 404: /audio/clips/F.mp3[39m
[31m>> 404: /audio/clips/G.mp3[39m
[31m>> 404: /audio/clips/H.mp3[39m
[31m>> 404: /audio/clips/I.mp3[39m
[31m>> 404: /audio/clips/J.mp3[39m
[31m>> 404: /photos/pasta.jpg[39m
[31m>> 404: /photos/rembrandt.jpg[39m
[31m>> 404: /photos/pompadour.jpg[39m
[31m>> 404: /photos/briard.jpg[39m
[31m>> 404: /photos/fuji.jpg[39m
[31m>> 404: /photos/mercury.jpg[39m
[31m>> 404: /photos/st-basils-cathedral.jpg[39m
[31m>> 404: /photos/spruce-goose.jpg[39m
[31m>> 404: /photos/zhivago.jpg[39m
[31m>> 404: /photos/mitochondria.png[39m
[31m>> 404: /photos/vox/tyler.jpg[39m
[31m>> 404: /photos/vox/douche.png[39m
[31m>> 404: /audio/clips/A.mp3[39m
[31m>> 404: /audio/clips/B.mp3[39m
[31m>> 404: /audio/clips/C.mp3[39m
[31m>> 404: /audio/clips/D.mp3[39m
[31m>> 404: /audio/clips/E.mp3[39m
[31m>> 404: /audio/clips/F.mp3[39m
[31m>> 404: /audio/clips/G.mp3[39m
[31m>> 404: /audio/clips/H.mp3[39m
[31m>> 404: /audio/clips/I.mp3[39m
[31m>> 404: /audio/clips/J.mp3[39m
[31m>> 404: /audio/clips/A.mp3[39m
[31m>> 404: /audio/clips/B.mp3[39m
[31m>> 404: /audio/clips/C.mp3[39m
[31m>> 404: /audio/clips/D.mp3[39m
[31m>> 404: /audio/clips/E.mp3[39m
[31m>> 404: /audio/clips/F.mp3[39m
[31m>> 404: /audio/clips/G.mp3[39m
[31m>> 404: /audio/clips/H.mp3[39m
[31m>> 404: /audio/clips/I.mp3[39m
[31m>> 404: /audio/clips/J.mp3[39m
[31m>> 404: /photos/pasta.jpg[39m
[31m>> 404: /photos/rembrandt.jpg[39m
[31m>> 404: /photos/pompadour.jpg[39m
[31m>> 404: /photos/briard.jpg[39m
[31m>> 404: /photos/fuji.jpg[39m
[31m>> 404: /photos/mercury.jpg[39m
[31m>> 404: /photos/st-basils-cathedral.jpg[39m
[31m>> 404: /photos/spruce-goose.jpg[39m
[31m>> 404: /photos/zhivago.jpg[39m
[31m>> 404: /photos/mitochondria.png[39m
[31m>> 404: /photos/vox/tyler.jpg[39m
[31m>> 404: /photos/vox/douche.png[39m
[31m>> 404: /photos/pasta.jpg[39m
[31m>> 404: /photos/rembrandt.jpg[39m
[31m>> 404: /photos/pompadour.jpg[39m
[31m>> 404: /photos/briard.jpg[39m
[31m>> 404: /photos/fuji.jpg[39m
[31m>> 404: /photos/mercury.jpg[39m
[31m>> 404: /audio/clips/A.mp3[39m
[31m>> 404: /audio/clips/B.mp3[39m
[31m>> 404: /audio/clips/C.mp3[39m
[31m>> 404: /audio/clips/D.mp3[39m
[31m>> 404: /audio/clips/E.mp3[39m
[31m>> 404: /audio/clips/F.mp3[39m
[31m>> 404: /audio/clips/G.mp3[39m
[31m>> 404: /audio/clips/H.mp3[39m
[31m>> 404: /audio/clips/I.mp3[39m
[31m>> 404: /audio/clips/J.mp3[39m
[31m>> 404: /audio/clips/A.mp3[39m
[31m>> 404: /audio/clips/B.mp3[39m
[31m>> 404: /audio/clips/C.mp3[39m
[31m>> 404: /audio/clips/D.mp3[39m
[31m>> 404: /audio/clips/E.mp3[39m
[31m>> 404: /audio/clips/F.mp3[39m
[31m>> 404: /audio/clips/G.mp3[39m
[31m>> 404: /audio/clips/H.mp3[39m
[31m>> 404: /audio/clips/I.mp3[39m
[31m>> 404: /audio/clips/J.mp3[39m
[31m>> 404: /photos/pasta.jpg[39m
[31m>> 404: /photos/rembrandt.jpg[39m
[31m>> 404: /photos/pompadour.jpg[39m
[31m>> 404: /photos/briard.jpg[39m
[31m>> 404: /photos/fuji.jpg[39m
[31m>> 404: /photos/mercury.jpg[39m
[31m>> 404: /photos/st-basils-cathedral.jpg[39m
[31m>> 404: /photos/spruce-goose.jpg[39m
[31m>> 404: /photos/zhivago.jpg[39m
[31m>> 404: /photos/mitochondria.png[39m
[31m>> 404: /photos/vox/tyler.jpg[39m
[31m>> 404: /photos/vox/douche.png[39m
[31m>> 404: /audio/clips/A.mp3[39m
[31m>> 404: /audio/clips/B.mp3[39m
[31m>> 404: /audio/clips/C.mp3[39m
[31m>> 404: /audio/clips/D.mp3[39m
[31m>> 404: /audio/clips/E.mp3[39m
[31m>> 404: /audio/clips/F.mp3[39m
[31m>> 404: /audio/clips/G.mp3[39m
[31m>> 404: /audio/clips/H.mp3[39m
[31m>> 404: /audio/clips/I.mp3[39m
[31m>> 404: /audio/clips/J.mp3[39m
[31m>> 404: /audio/clips/A.mp3[39m
[31m>> 404: /audio/clips/B.mp3[39m
[31m>> 404: /audio/clips/C.mp3[39m
[31m>> 404: /audio/clips/D.mp3[39m
[31m>> 404: /audio/clips/E.mp3[39m
[31m>> 404: /audio/clips/F.mp3[39m
[31m>> 404: /audio/clips/G.mp3[39m
[31m>> 404: /audio/clips/H.mp3[39m
[31m>> 404: /audio/clips/I.mp3[39m
[31m>> 404: /audio/clips/J.mp3[39m
[31m>> 404: /photos/pasta.jpg[39m
[31m>> 404: /photos/rembrandt.jpg[39m
[31m>> 404: /photos/pompadour.jpg[39m
[31m>> 404: /photos/briard.jpg[39m
[31m>> 404: /photos/fuji.jpg[39m
[31m>> 404: /photos/mercury.jpg[39m
[31m>> 404: /photos/st-basils-cathedral.jpg[39m
[31m>> 404: /photos/spruce-goose.jpg[39m
[31m>> 404: /photos/zhivago.jpg[39m
[31m>> 404: /photos/mitochondria.png[39m
[31m>> 404: /photos/vox/tyler.jpg[39m
[31m>> 404: /photos/vox/douche.png[39m
[31m>> 404: /photos/pasta.jpg[39m
[31m>> 404: /photos/rembrandt.jpg[39m
[31m>> 404: /photos/pompadour.jpg[39m
[31m>> 404: /photos/briard.jpg[39m
[31m>> 404: /photos/fuji.jpg[39m
[31m>> 404: /photos/mercury.jpg[39m
[31m>> 404: /photos/st-basils-cathedral.jpg[39m
[31m>> 404: /photos/spruce-goose.jpg[39m
[31m>> 404: /photos/zhivago.jpg[39m
[31m>> 404: /photos/mitochondria.png[39m
[31m>> 404: /photos/vox/tyler.jpg[39m
[31m>> 404: /photos/vox/douche.png[39m
[31m>> 404: /photos/pasta.jpg[39m
[31m>> 404: /photos/rembrandt.jpg[39m
[31m>> 404: /photos/pompadour.jpg[39m
[31m>> 404: /photos/briard.jpg[39m
[31m>> 404: /photos/fuji.jpg[39m
[31m>> 404: /photos/mercury.jpg[39m
[31m>> 404: /photos/st-basils-cathedral.jpg[39m
[31m>> 404: /photos/spruce-goose.jpg[39m
[31m>> 404: /photos/zhivago.jpg[39m
[31m>> 404: /photos/mitochondria.png[39m
[31m>> 404: /photos/vox/tyler.jpg[39m
[31m>> 404: /photos/vox/douche.png[39m
[31m>> 404: /photos/pasta.jpg[39m
[31m>> 404: /photos/rembrandt.jpg[39m
[31m>> 404: /photos/pompadour.jpg[39m
[31m>> 404: /photos/briard.jpg[39m
[31m>> 404: /photos/fuji.jpg[39m
[31m>> 404: /photos/mercury.jpg[39m
[31m>> 404: /photos/st-basils-cathedral.jpg[39m
[31m>> 404: /photos/spruce-goose.jpg[39m
[31m>> 404: /photos/zhivago.jpg[39m
[31m>> 404: /photos/mitochondria.png[39m
[31m>> 404: /photos/vox/tyler.jpg[39m
[31m>> 404: /photos/vox/douche.png[39m
[31m>> 404: /audio/clips/A.mp3[39m
[31m>> 404: /audio/clips/B.mp3[39m
[31m>> 404: /audio/clips/C.mp3[39m
[31m>> 404: /audio/clips/D.mp3[39m
[31m>> 404: /audio/clips/E.mp3[39m
[31m>> 404: /audio/clips/F.mp3[39m
[31m>> 404: /audio/clips/G.mp3[39m
[31m>> 404: /audio/clips/H.mp3[39m
[31m>> 404: /audio/clips/I.mp3[39m
[31m>> 404: /audio/clips/J.mp3[39m
[31m>> 404: /audio/clips/A.mp3[39m
[31m>> 404: /audio/clips/B.mp3[39m
[31m>> 404: /audio/clips/C.mp3[39m
[31m>> 404: /audio/clips/D.mp3[39m
[31m>> 404: /audio/clips/E.mp3[39m
[31m>> 404: /audio/clips/F.mp3[39m
[31m>> 404: /audio/clips/G.mp3[39m
[31m>> 404: /audio/clips/H.mp3[39m
[31m>> 404: /audio/clips/I.mp3[39m
[31m>> 404: /audio/clips/J.mp3[39m
[31m>> 404: /photos/pasta.jpg[39m
[31m>> 404: /photos/rembrandt.jpg[39m
[31m>> 404: /photos/pompadour.jpg[39m
[31m>> 404: /photos/briard.jpg[39m
[31m>> 404: /photos/fuji.jpg[39m
[31m>> 404: /photos/mercury.jpg[39m
[31m>> 404: /photos/st-basils-cathedral.jpg[39m
[31m>> 404: /photos/spruce-goose.jpg[39m
[31m>> 404: /photos/zhivago.jpg[39m
[31m>> 404: /photos/mitochondria.png[39m
[31m>> 404: /photos/vox/tyler.jpg[39m
[31m>> 404: /photos/vox/douche.png[39m
[31m>> 404: /photos/pasta.jpg[39m
[31m>> 404: /photos/rembrandt.jpg[39m
[31m>> 404: /photos/pompadour.jpg[39m
[31m>> 404: /photos/briard.jpg[39m
[31m>> 404: /photos/fuji.jpg[39m
[31m>> 404: /photos/mercury.jpg[39m
[31m>> 404: /photos/st-basils-cathedral.jpg[39m
[31m>> 404: /photos/spruce-goose.jpg[39m
[31m>> 404: /photos/zhivago.jpg[39m
[31m>> 404: /photos/mitochondria.png[39m
[31m>> 404: /photos/vox/tyler.jpg[39m
[31m>> 404: /photos/vox/douche.png[39m
[31m>> 404: /audio/clips/A.mp3[39m
[31m>> 404: /audio/clips/B.mp3[39m
[31m>> 404: /audio/clips/C.mp3[39m
[31m>> 404: /audio/clips/D.mp3[39m
[31m>> 404: /audio/clips/E.mp3[39m
[31m>> 404: /audio/clips/F.mp3[39m
[31m>> 404: /audio/clips/G.mp3[39m
[31m>> 404: /audio/clips/H.mp3[39m
[31m>> 404: /audio/clips/I.mp3[39m
[31m>> 404: /audio/clips/J.mp3[39m
[31m>> 404: /audio/clips/A.mp3[39m
[31m>> 404: /audio/clips/B.mp3[39m
[31m>> 404: /audio/clips/C.mp3[39m
[31m>> 404: /audio/clips/D.mp3[39m
[31m>> 404: /audio/clips/E.mp3[39m
[31m>> 404: /audio/clips/F.mp3[39m
[31m>> 404: /audio/clips/G.mp3[39m
[31m>> 404: /audio/clips/H.mp3[39m
[31m>> 404: /audio/clips/I.mp3[39m
[31m>> 404: /audio/clips/J.mp3[39m
[31m>> 404: /photos/pasta.jpg[39m
[31m>> 404: /photos/rembrandt.jpg[39m
[31m>> 404: /photos/pompadour.jpg[39m
[31m>> 404: /photos/briard.jpg[39m
[31m>> 404: /photos/fuji.jpg[39m
[31m>> 404: /photos/mercury.jpg[39m
[31m>> 404: /photos/st-basils-cathedral.jpg[39m
[31m>> 404: /photos/spruce-goose.jpg[39m
[31m>> 404: /photos/zhivago.jpg[39m
[31m>> 404: /photos/mitochondria.png[39m
[31m>> 404: /photos/vox/tyler.jpg[39m
[31m>> 404: /photos/vox/douche.png[39m
[31m>> 404: /audio/clips/A.mp3[39m
[31m>> 404: /audio/clips/B.mp3[39m
[31m>> 404: /audio/clips/C.mp3[39m
[31m>> 404: /audio/clips/D.mp3[39m
[31m>> 404: /audio/clips/E.mp3[39m
[31m>> 404: /audio/clips/F.mp3[39m
[31m>> 404: /audio/clips/G.mp3[39m
[31m>> 404: /audio/clips/H.mp3[39m
[31m>> 404: /audio/clips/I.mp3[39m
[31m>> 404: /audio/clips/J.mp3[39m
[31m>> 404: /audio/clips/A.mp3[39m
[31m>> 404: /audio/clips/B.mp3[39m
[31m>> 404: /audio/clips/C.mp3[39m
[31m>> 404: /audio/clips/D.mp3[39m
[31m>> 404: /audio/clips/E.mp3[39m
[31m>> 404: /audio/clips/F.mp3[39m
[31m>> 404: /audio/clips/G.mp3[39m
[31m>> 404: /audio/clips/H.mp3[39m
[31m>> 404: /audio/clips/I.mp3[39m
[31m>> 404: /audio/clips/J.mp3[39m
[31m>> 404: /photos/pasta.jpg[39m
[31m>> 404: /photos/rembrandt.jpg[39m
[31m>> 404: /photos/pompadour.jpg[39m
[31m>> 404: /photos/briard.jpg[39m
[31m>> 404: /photos/fuji.jpg[39m
[31m>> 404: /photos/mercury.jpg[39m
[31m>> 404: /photos/st-basils-cathedral.jpg[39m
[31m>> 404: /photos/spruce-goose.jpg[39m
[31m>> 404: /photos/zhivago.jpg[39m
[31m>> 404: /photos/mitochondria.png[39m
[31m>> 404: /photos/vox/tyler.jpg[39m
[31m>> 404: /photos/vox/douche.png[39m
[31m>> 404: /photos/pasta.jpg[39m
[31m>> 404: /photos/rembrandt.jpg[39m
[31m>> 404: /photos/pompadour.jpg[39m
[31m>> 404: /photos/briard.jpg[39m
[31m>> 404: /photos/fuji.jpg[39m
[31m>> 404: /photos/mercury.jpg[39m
[31m>> 404: /photos/st-basils-cathedral.jpg[39m
[31m>> 404: /audio/clips/A.mp3[39m
[31m>> 404: /audio/clips/B.mp3[39m
[31m>> 404: /audio/clips/C.mp3[39m
[31m>> 404: /audio/clips/D.mp3[39m
[31m>> 404: /audio/clips/E.mp3[39m
[31m>> 404: /audio/clips/F.mp3[39m
[31m>> 404: /audio/clips/G.mp3[39m
[31m>> 404: /audio/clips/H.mp3[39m
[31m>> 404: /audio/clips/I.mp3[39m
[31m>> 404: /audio/clips/J.mp3[39m
[31m>> 404: /audio/clips/A.mp3[39m
[31m>> 404: /audio/clips/B.mp3[39m
[31m>> 404: /audio/clips/C.mp3[39m
[31m>> 404: /audio/clips/D.mp3[39m
[31m>> 404: /audio/clips/E.mp3[39m
[31m>> 404: /audio/clips/F.mp3[39m
[31m>> 404: /audio/clips/G.mp3[39m
[31m>> 404: /audio/clips/H.mp3[39m
[31m>> 404: /audio/clips/I.mp3[39m
[31m>> 404: /audio/clips/J.mp3[39m
[31m>> 404: /photos/pasta.jpg[39m
[31m>> 404: /photos/rembrandt.jpg[39m
[31m>> 404: /photos/pompadour.jpg[39m
[31m>> 404: /photos/briard.jpg[39m
[31m>> 404: /photos/fuji.jpg[39m
[31m>> 404: /photos/mercury.jpg[39m
[31m>> 404: /photos/st-basils-cathedral.jpg[39m
[31m>> 404: /photos/spruce-goose.jpg[39m
[31m>> 404: /photos/zhivago.jpg[39m
[31m>> 404: /photos/mitochondria.png[39m
[31m>> 404: /photos/vox/tyler.jpg[39m
[31m>> 404: /photos/vox/douche.png[39m
[31m>> 404: /photos/pasta.jpg[39m
[31m>> 404: /photos/rembrandt.jpg[39m
[31m>> 404: /photos/pompadour.jpg[39m
[31m>> 404: /photos/briard.jpg[39m
[31m>> 404: /photos/fuji.jpg[39m
[31m>> 404: /photos/mercury.jpg[39m
[31m>> 404: /photos/st-basils-cathedral.jpg[39m
[31m>> 404: /photos/spruce-goose.jpg[39m
[31m>> 404: /photos/zhivago.jpg[39m
[31m>> 404: /photos/mitochondria.png[39m
[31m>> 404: /photos/vox/tyler.jpg[39m
[31m>> 404: /photos/vox/douche.png[39m
[31m>> 404: /audio/clips/A.mp3[39m
[31m>> 404: /audio/clips/B.mp3[39m
[31m>> 404: /audio/clips/C.mp3[39m
[31m>> 404: /audio/clips/D.mp3[39m
[31m>> 404: /audio/clips/E.mp3[39m
[31m>> 404: /audio/clips/F.mp3[39m
[31m>> 404: /audio/clips/G.mp3[39m
[31m>> 404: /audio/clips/H.mp3[39m
[31m>> 404: /audio/clips/I.mp3[39m
[31m>> 404: /audio/clips/J.mp3[39m
[31m>> 404: /audio/clips/A.mp3[39m
[31m>> 404: /audio/clips/B.mp3[39m
[31m>> 404: /audio/clips/C.mp3[39m
[31m>> 404: /audio/clips/D.mp3[39m
[31m>> 404: /audio/clips/E.mp3[39m
[31m>> 404: /audio/clips/F.mp3[39m
[31m>> 404: /audio/clips/G.mp3[39m
[31m>> 404: /audio/clips/H.mp3[39m
[31m>> 404: /audio/clips/I.mp3[39m
[31m>> 404: /audio/clips/J.mp3[39m
[31m>> 404: /photos/pasta.jpg[39m
[31m>> 404: /photos/rembrandt.jpg[39m
[31m>> 404: /photos/pompadour.jpg[39m
[31m>> 404: /photos/briard.jpg[39m
[31m>> 404: /photos/fuji.jpg[39m
[31m>> 404: /photos/mercury.jpg[39m
[31m>> 404: /photos/st-basils-cathedral.jpg[39m
[31m>> 404: /photos/spruce-goose.jpg[39m
[31m>> 404: /photos/zhivago.jpg[39m
[31m>> 404: /photos/mitochondria.png[39m
[31m>> 404: /photos/vox/tyler.jpg[39m
[31m>> 404: /photos/vox/douche.png[39m
[31m>> 404: /photos/pasta.jpg[39m
[31m>> 404: /photos/rembrandt.jpg[39m
[31m>> 404: /photos/pompadour.jpg[39m
[31m>> 404: /photos/briard.jpg[39m
[31m>> 404: /photos/fuji.jpg[39m
[31m>> 404: /photos/mercury.jpg[39m
[31m>> 404: /photos/st-basils-cathedral.jpg[39m
[31m>> 404: /photos/spruce-goose.jpg[39m
[31m>> 404: /photos/zhivago.jpg[39m
[31m>> 404: /photos/mitochondria.png[39m
[31m>> 404: /photos/vox/tyler.jpg[39m
[31m>> 404: /photos/vox/douche.png[39m
[31m>> 404: /audio/clips/A.mp3[39m
[31m>> 404: /audio/clips/B.mp3[39m
[31m>> 404: /audio/clips/C.mp3[39m
[31m>> 404: /audio/clips/D.mp3[39m
[31m>> 404: /audio/clips/E.mp3[39m
[31m>> 404: /audio/clips/F.mp3[39m
[31m>> 404: /audio/clips/G.mp3[39m
[31m>> 404: /audio/clips/H.mp3[39m
[31m>> 404: /audio/clips/I.mp3[39m
[31m>> 404: /audio/clips/J.mp3[39m
[31m>> 404: /audio/clips/A.mp3[39m
[31m>> 404: /audio/clips/B.mp3[39m
[31m>> 404: /audio/clips/C.mp3[39m
[31m>> 404: /audio/clips/D.mp3[39m
[31m>> 404: /audio/clips/E.mp3[39m
[31m>> 404: /audio/clips/F.mp3[39m
[31m>> 404: /audio/clips/G.mp3[39m
[31m>> 404: /audio/clips/H.mp3[39m
[31m>> 404: /audio/clips/I.mp3[39m
[31m>> 404: /audio/clips/J.mp3[39m
[31m>> 404: /photos/pasta.jpg[39m
[31m>> 404: /photos/rembrandt.jpg[39m
[31m>> 404: /photos/pompadour.jpg[39m
[31m>> 404: /photos/briard.jpg[39m
[31m>> 404: /photos/fuji.jpg[39m
[31m>> 404: /photos/mercury.jpg[39m
[31m>> 404: /photos/st-basils-cathedral.jpg[39m
[31m>> 404: /photos/spruce-goose.jpg[39m
[31m>> 404: /photos/zhivago.jpg[39m
[31m>> 404: /photos/mitochondria.png[39m
[31m>> 404: /photos/vox/tyler.jpg[39m
[31m>> 404: /photos/vox/douche.png[39m
[31m>> 404: /audio/clips/A.mp3[39m
[31m>> 404: /audio/clips/B.mp3[39m
[31m>> 404: /audio/clips/C.mp3[39m
[31m>> 404: /audio/clips/D.mp3[39m
[31m>> 404: /audio/clips/E.mp3[39m
[31m>> 404: /audio/clips/F.mp3[39m
[31m>> 404: /audio/clips/G.mp3[39m
[31m>> 404: /audio/clips/H.mp3[39m
[31m>> 404: /audio/clips/I.mp3[39m
[31m>> 404: /audio/clips/J.mp3[39m
[31m>> 404: /audio/clips/A.mp3[39m
[31m>> 404: /audio/clips/B.mp3[39m
[31m>> 404: /audio/clips/C.mp3[39m
[31m>> 404: /audio/clips/D.mp3[39m
[31m>> 404: /audio/clips/E.mp3[39m
[31m>> 404: /audio/clips/F.mp3[39m
[31m>> 404: /audio/clips/G.mp3[39m
[31m>> 404: /audio/clips/H.mp3[39m
[31m>> 404: /audio/clips/I.mp3[39m
[31m>> 404: /audio/clips/J.mp3[39m
[31m>> 404: /photos/pasta.jpg[39m
[31m>> 404: /photos/rembrandt.jpg[39m
[31m>> 404: /photos/pompadour.jpg[39m
[31m>> 404: /photos/briard.jpg[39m
[31m>> 404: /photos/fuji.jpg[39m
[31m>> 404: /photos/mercury.jpg[39m
[31m>> 404: /photos/st-basils-cathedral.jpg[39m
[31m>> 404: /photos/spruce-goose.jpg[39m
[31m>> 404: /photos/zhivago.jpg[39m
[31m>> 404: /photos/mitochondria.png[39m
[31m>> 404: /photos/vox/tyler.jpg[39m
[31m>> 404: /photos/vox/douche.png[39m
[31m>> 404: /photos/pasta.jpg[39m
[31m>> 404: /photos/rembrandt.jpg[39m
[31m>> 404: /photos/pompadour.jpg[39m
[31m>> 404: /photos/briard.jpg[39m
[31m>> 404: /photos/fuji.jpg[39m
[31m>> 404: /photos/mercury.jpg[39m
[31m>> 404: /photos/st-basils-cathedral.jpg[39m
[31m>> 404: /photos/spruce-goose.jpg[39m
[31m>> 404: /photos/zhivago.jpg[39m
[31m>> 404: /photos/mitochondria.png[39m
[31m>> 404: /photos/vox/tyler.jpg[39m
[31m>> 404: /photos/vox/douche.png[39m
[31m>> 404: /audio/clips/A.mp3[39m
[31m>> 404: /audio/clips/B.mp3[39m
[31m>> 404: /audio/clips/C.mp3[39m
[31m>> 404: /audio/clips/D.mp3[39m
[31m>> 404: /audio/clips/E.mp3[39m
[31m>> 404: /audio/clips/F.mp3[39m
[31m>> 404: /audio/clips/G.mp3[39m
[31m>> 404: /audio/clips/H.mp3[39m
[31m>> 404: /audio/clips/I.mp3[39m
[31m>> 404: /audio/clips/J.mp3[39m
[31m>> 404: /audio/clips/A.mp3[39m
[31m>> 404: /audio/clips/B.mp3[39m
[31m>> 404: /audio/clips/C.mp3[39m
[31m>> 404: /audio/clips/D.mp3[39m
[31m>> 404: /audio/clips/E.mp3[39m
[31m>> 404: /audio/clips/F.mp3[39m
[31m>> 404: /audio/clips/G.mp3[39m
[31m>> 404: /audio/clips/H.mp3[39m
[31m>> 404: /audio/clips/I.mp3[39m
[31m>> 404: /audio/clips/J.mp3[39m
[31m>> 404: /photos/pasta.jpg[39m
[31m>> 404: /photos/rembrandt.jpg[39m
[31m>> 404: /photos/pompadour.jpg[39m
[31m>> 404: /photos/briard.jpg[39m
[31m>> 404: /photos/fuji.jpg[39m
[31m>> 404: /photos/mercury.jpg[39m
[31m>> 404: /photos/st-basils-cathedral.jpg[39m
[31m>> 404: /photos/spruce-goose.jpg[39m
[31m>> 404: /photos/zhivago.jpg[39m
[31m>> 404: /photos/mitochondria.png[39m
[31m>> 404: /photos/vox/tyler.jpg[39m
[31m>> 404: /photos/vox/douche.png[39m
[31m>> 404: /photos/pasta.jpg[39m
[31m>> 404: /photos/rembrandt.jpg[39m
[31m>> 404: /photos/pompadour.jpg[39m
[31m>> 404: /photos/briard.jpg[39m
[31m>> 404: /photos/fuji.jpg[39m
[31m>> 404: /photos/mercury.jpg[39m
[31m>> 404: /audio/clips/A.mp3[39m
[31m>> 404: /audio/clips/B.mp3[39m
[31m>> 404: /audio/clips/C.mp3[39m
[31m>> 404: /audio/clips/D.mp3[39m
[31m>> 404: /audio/clips/E.mp3[39m
[31m>> 404: /audio/clips/F.mp3[39m
[31m>> 404: /audio/clips/G.mp3[39m
[31m>> 404: /audio/clips/H.mp3[39m
[31m>> 404: /audio/clips/I.mp3[39m
[31m>> 404: /audio/clips/J.mp3[39m
[31m>> 404: /audio/clips/A.mp3[39m
[31m>> 404: /audio/clips/B.mp3[39m
[31m>> 404: /audio/clips/C.mp3[39m
[31m>> 404: /audio/clips/D.mp3[39m
[31m>> 404: /audio/clips/E.mp3[39m
[31m>> 404: /audio/clips/F.mp3[39m
[31m>> 404: /audio/clips/G.mp3[39m
[31m>> 404: /audio/clips/H.mp3[39m
[31m>> 404: /audio/clips/I.mp3[39m
[31m>> 404: /audio/clips/J.mp3[39m
[31m>> 404: /audio/clips/A.mp3[39m
[31m>> 404: /audio/clips/B.mp3[39m
[31m>> 404: /audio/clips/C.mp3[39m
[31m>> 404: /audio/clips/D.mp3[39m
[31m>> 404: /audio/clips/E.mp3[39m
[31m>> 404: /audio/clips/F.mp3[39m
[31m>> 404: /audio/clips/G.mp3[39m
[31m>> 404: /audio/clips/H.mp3[39m
[31m>> 404: /audio/clips/I.mp3[39m
[31m>> 404: /audio/clips/J.mp3[39m
[31m>> 404: /audio/clips/A.mp3[39m
[31m>> 404: /audio/clips/B.mp3[39m
[31m>> 404: /audio/clips/C.mp3[39m
[31m>> 404: /audio/clips/D.mp3[39m
[31m>> 404: /audio/clips/E.mp3[39m
[31m>> 404: /audio/clips/F.mp3[39m
[31m>> 404: /audio/clips/G.mp3[39m
[31m>> 404: /audio/clips/H.mp3[39m
[31m>> 404: /audio/clips/I.mp3[39m
[31m>> 404: /audio/clips/J.mp3[39m
[31m>> 404: /photos/vox/tyler.jpg[39m
[31m>> 404: /photos/pasta.jpg[39m
[31m>> 404: /photos/rembrandt.jpg[39m
[31m>> 404: /photos/pompadour.jpg[39m
[31m>> 404: /photos/briard.jpg[39m
[31m>> 404: /photos/fuji.jpg[39m
[31m>> 404: /photos/mercury.jpg[39m
[31m>> 404: /photos/st-basils-cathedral.jpg[39m
[31m>> 404: /photos/spruce-goose.jpg[39m
[31m>> 404: /photos/zhivago.jpg[39m
[31m>> 404: /photos/mitochondria.png[39m
[31m>> 404: /photos/vox/douche.png[39m
[31m>> 404: /photos/pasta.jpg[39m
[31m>> 404: /photos/briard.jpg[39m
[31m>> 404: /photos/fuji.jpg[39m
[31m>> 404: /photos/zhivago.jpg[39m
[31m>> 404: /photos/rembrandt.jpg[39m
[31m>> 404: /photos/pompadour.jpg[39m
[31m>> 404: /photos/mercury.jpg[39m
[31m>> 404: /photos/st-basils-cathedral.jpg[39m
[31m>> 404: /photos/spruce-goose.jpg[39m
[31m>> 404: /photos/mitochondria.png[39m
[31m>> 404: /photos/vox/tyler.jpg[39m
[31m>> 404: /photos/vox/douche.png[39m
[31m>> 404: /photos/pasta.jpg[39m
[31m>> 404: /photos/rembrandt.jpg[39m
[31m>> 404: /photos/pompadour.jpg[39m
[31m>> 404: /photos/briard.jpg[39m
[31m>> 404: /photos/fuji.jpg[39m
[31m>> 404: /photos/mercury.jpg[39m
[31m>> 404: /photos/st-basils-cathedral.jpg[39m
[31m>> 404: /photos/spruce-goose.jpg[39m
[31m>> 404: /photos/zhivago.jpg[39m
[31m>> 404: /photos/mitochondria.png[39m
[31m>> 404: /photos/vox/tyler.jpg[39m
[31m>> 404: /photos/vox/douche.png[39m
[31m>> 404: /audio/clips/A.mp3[39m
[31m>> 404: /audio/clips/B.mp3[39m
[31m>> 404: /audio/clips/C.mp3[39m
[31m>> 404: /audio/clips/D.mp3[39m
[31m>> 404: /audio/clips/E.mp3[39m
[31m>> 404: /audio/clips/F.mp3[39m
[31m>> 404: /audio/clips/H.mp3[39m
[31m>> 404: /audio/clips/I.mp3[39m
[31m>> 404: /audio/clips/J.mp3[39m
[31m>> 404: /audio/clips/A.mp3[39m
[31m>> 404: /audio/clips/B.mp3[39m
[31m>> 404: /audio/clips/C.mp3[39m
[31m>> 404: /audio/clips/D.mp3[39m
[31m>> 404: /audio/clips/E.mp3[39m
[31m>> 404: /audio/clips/G.mp3[39m
[31m>> 404: /audio/clips/I.mp3[39m
[31m>> 404: /audio/clips/J.mp3[39m
[31m>> 404: /audio/clips/G.mp3[39m
[31m>> 404: /audio/clips/H.mp3[39m
[31m>> 404: /audio/clips/F.mp3[39m
[31m>> 404: /photos/pasta.jpg[39m
[31m>> 404: /photos/rembrandt.jpg[39m
[31m>> 404: /photos/pompadour.jpg[39m
[31m>> 404: /photos/briard.jpg[39m
[31m>> 404: /photos/fuji.jpg[39m
[31m>> 404: /photos/mercury.jpg[39m
[31m>> 404: /photos/st-basils-cathedral.jpg[39m
[31m>> 404: /photos/spruce-goose.jpg[39m
[31m>> 404: /photos/zhivago.jpg[39m
[31m>> 404: /photos/mitochondria.png[39m
[31m>> 404: /photos/vox/tyler.jpg[39m
[31m>> 404: /photos/vox/douche.png[39m
[31m>> 404: /photos/pasta.jpg[39m
[31m>> 404: /photos/rembrandt.jpg[39m
[31m>> 404: /photos/pompadour.jpg[39m
[31m>> 404: /photos/briard.jpg[39m
[31m>> 404: /photos/fuji.jpg[39m
[31m>> 404: /photos/mercury.jpg[39m
[31m>> 404: /audio/clips/A.mp3[39m
[31m>> 404: /audio/clips/B.mp3[39m
[31m>> 404: /audio/clips/C.mp3[39m
[31m>> 404: /audio/clips/D.mp3[39m
[31m>> 404: /audio/clips/E.mp3[39m
[31m>> 404: /audio/clips/F.mp3[39m
[31m>> 404: /audio/clips/G.mp3[39m
[31m>> 404: /audio/clips/H.mp3[39m
[31m>> 404: /audio/clips/I.mp3[39m
[31m>> 404: /audio/clips/J.mp3[39m
[31m>> 404: /audio/clips/A.mp3[39m
[31m>> 404: /audio/clips/C.mp3[39m
[31m>> 404: /audio/clips/B.mp3[39m
[31m>> 404: /audio/clips/D.mp3[39m
[31m>> 404: /audio/clips/F.mp3[39m
[31m>> 404: /audio/clips/G.mp3[39m
[31m>> 404: /audio/clips/E.mp3[39m
[31m>> 404: /audio/clips/I.mp3[39m
[31m>> 404: /audio/clips/H.mp3[39m
[31m>> 404: /audio/clips/J.mp3[39m
[31m>> 404: /photos/pasta.jpg[39m
[31m>> 404: /photos/rembrandt.jpg[39m
[31m>> 404: /photos/pompadour.jpg[39m
[31m>> 404: /photos/briard.jpg[39m
[31m>> 404: /photos/fuji.jpg[39m
[31m>> 404: /photos/mercury.jpg[39m
[31m>> 404: /photos/st-basils-cathedral.jpg[39m
[31m>> 404: /photos/spruce-goose.jpg[39m
[31m>> 404: /photos/zhivago.jpg[39m
[31m>> 404: /photos/mitochondria.png[39m
[31m>> 404: /photos/vox/tyler.jpg[39m
[31m>> 404: /photos/vox/douche.png[39m
[31m>> 404: /photos/pasta.jpg[39m
[31m>> 404: /photos/rembrandt.jpg[39m
[31m>> 404: /photos/pompadour.jpg[39m
[31m>> 404: /photos/briard.jpg[39m
[31m>> 404: /photos/fuji.jpg[39m
[31m>> 404: /photos/mercury.jpg[39m
[31m>> 404: /photos/st-basils-cathedral.jpg[39m
[31m>> 404: /photos/spruce-goose.jpg[39m
[31m>> 404: /photos/zhivago.jpg[39m
[31m>> 404: /photos/mitochondria.png[39m
[31m>> 404: /photos/vox/tyler.jpg[39m
[31m>> 404: /photos/vox/douche.png[39m
[31m>> 404: /audio/clips/A.mp3[39m
[31m>> 404: /audio/clips/B.mp3[39m
[31m>> 404: /audio/clips/C.mp3[39m
[31m>> 404: /audio/clips/D.mp3[39m
[31m>> 404: /audio/clips/E.mp3[39m
[31m>> 404: /audio/clips/F.mp3[39m
[31m>> 404: /audio/clips/G.mp3[39m
[31m>> 404: /audio/clips/H.mp3[39m
[31m>> 404: /audio/clips/I.mp3[39m
[31m>> 404: /audio/clips/J.mp3[39m
[31m>> 404: /audio/clips/A.mp3[39m
[31m>> 404: /audio/clips/B.mp3[39m
[31m>> 404: /audio/clips/C.mp3[39m
[31m>> 404: /audio/clips/D.mp3[39m
[31m>> 404: /audio/clips/E.mp3[39m
[31m>> 404: /audio/clips/F.mp3[39m
[31m>> 404: /audio/clips/G.mp3[39m
[31m>> 404: /audio/clips/H.mp3[39m
[31m>> 404: /audio/clips/I.mp3[39m
[31m>> 404: /audio/clips/J.mp3[39m
[31m>> 404: /photos/pasta.jpg[39m
[31m>> 404: /photos/rembrandt.jpg[39m
[31m>> 404: /photos/pompadour.jpg[39m
[31m>> 404: /photos/briard.jpg[39m
[31m>> 404: /photos/fuji.jpg[39m
[31m>> 404: /photos/mercury.jpg[39m
[31m>> 404: /photos/st-basils-cathedral.jpg[39m
[31m>> 404: /photos/spruce-goose.jpg[39m
[31m>> 404: /photos/zhivago.jpg[39m
[31m>> 404: /photos/mitochondria.png[39m
[31m>> 404: /photos/vox/tyler.jpg[39m
[31m>> 404: /photos/vox/douche.png[39m
[31m>> 404: /photos/pasta.jpg[39m
[31m>> 404: /photos/rembrandt.jpg[39m
[31m>> 404: /photos/pompadour.jpg[39m
[31m>> 404: /photos/briard.jpg[39m
[31m>> 404: /photos/fuji.jpg[39m
[31m>> 404: /photos/mercury.jpg[39m
[31m>> 404: /photos/st-basils-cathedral.jpg[39m
[31m>> 404: /photos/spruce-goose.jpg[39m
[31m>> 404: /photos/zhivago.jpg[39m
[31m>> 404: /photos/mitochondria.png[39m
[31m>> 404: /photos/vox/tyler.jpg[39m
[31m>> 404: /photos/vox/douche.png[39m
[31m>> 404: /audio/clips/A.mp3[39m
[31m>> 404: /audio/clips/B.mp3[39m
[31m>> 404: /audio/clips/C.mp3[39m
[31m>> 404: /audio/clips/D.mp3[39m
[31m>> 404: /audio/clips/E.mp3[39m
[31m>> 404: /audio/clips/F.mp3[39m
[31m>> 404: /audio/clips/G.mp3[39m
[31m>> 404: /audio/clips/H.mp3[39m
[31m>> 404: /audio/clips/I.mp3[39m
[31m>> 404: /audio/clips/J.mp3[39m
[31m>> 404: /audio/clips/A.mp3[39m
[31m>> 404: /audio/clips/B.mp3[39m
[31m>> 404: /audio/clips/C.mp3[39m
[31m>> 404: /audio/clips/D.mp3[39m
[31m>> 404: /audio/clips/E.mp3[39m
[31m>> 404: /audio/clips/F.mp3[39m
[31m>> 404: /audio/clips/G.mp3[39m
[31m>> 404: /audio/clips/H.mp3[39m
[31m>> 404: /audio/clips/I.mp3[39m
[31m>> 404: /audio/clips/J.mp3[39m
[31m>> 404: /photos/pasta.jpg[39m
[31m>> 404: /photos/rembrandt.jpg[39m
[31m>> 404: /photos/pompadour.jpg[39m
[31m>> 404: /photos/briard.jpg[39m
[31m>> 404: /photos/fuji.jpg[39m
[31m>> 404: /photos/mercury.jpg[39m
[31m>> 404: /photos/st-basils-cathedral.jpg[39m
[31m>> 404: /photos/spruce-goose.jpg[39m
[31m>> 404: /photos/zhivago.jpg[39m
[31m>> 404: /photos/mitochondria.png[39m
[31m>> 404: /photos/vox/tyler.jpg[39m
[31m>> 404: /photos/vox/douche.png[39m
[31m>> 404: /photos/pasta.jpg[39m
[31m>> 404: /photos/rembrandt.jpg[39m
[31m>> 404: /photos/pompadour.jpg[39m
[31m>> 404: /photos/briard.jpg[39m
[31m>> 404: /photos/fuji.jpg[39m
[31m>> 404: /photos/mercury.jpg[39m
[31m>> 404: /photos/st-basils-cathedral.jpg[39m
[31m>> 404: /photos/spruce-goose.jpg[39m
[31m>> 404: /photos/zhivago.jpg[39m
[31m>> 404: /photos/mitochondria.png[39m
[31m>> 404: /photos/vox/tyler.jpg[39m
[31m>> 404: /photos/vox/douche.png[39m
[31m>> 404: /audio/clips/A.mp3[39m
[31m>> 404: /audio/clips/B.mp3[39m
[31m>> 404: /audio/clips/C.mp3[39m
[31m>> 404: /audio/clips/D.mp3[39m
[31m>> 404: /audio/clips/E.mp3[39m
[31m>> 404: /audio/clips/F.mp3[39m
[31m>> 404: /audio/clips/G.mp3[39m
[31m>> 404: /audio/clips/H.mp3[39m
[31m>> 404: /audio/clips/I.mp3[39m
[31m>> 404: /audio/clips/J.mp3[39m
[31m>> 404: /audio/clips/A.mp3[39m
[31m>> 404: /audio/clips/B.mp3[39m
[31m>> 404: /audio/clips/C.mp3[39m
[31m>> 404: /audio/clips/D.mp3[39m
[31m>> 404: /audio/clips/E.mp3[39m
[31m>> 404: /audio/clips/F.mp3[39m
[31m>> 404: /audio/clips/G.mp3[39m
[31m>> 404: /audio/clips/H.mp3[39m
[31m>> 404: /audio/clips/I.mp3[39m
[31m>> 404: /audio/clips/J.mp3[39m
[31m>> 404: /photos/rembrandt.jpg[39m
[31m>> 404: /photos/pasta.jpg[39m
[31m>> 404: /audio/clips/A.mp3[39m
[31m>> 404: /audio/clips/B.mp3[39m
[31m>> 404: /audio/clips/C.mp3[39m
[31m>> 404: /audio/clips/D.mp3[39m
[31m>> 404: /audio/clips/E.mp3[39m
[31m>> 404: /audio/clips/F.mp3[39m
[31m>> 404: /audio/clips/G.mp3[39m
[31m>> 404: /audio/clips/H.mp3[39m
[31m>> 404: /audio/clips/I.mp3[39m
[31m>> 404: /audio/clips/J.mp3[39m
[31m>> 404: /audio/clips/A.mp3[39m
[31m>> 404: /audio/clips/B.mp3[39m
[31m>> 404: /audio/clips/C.mp3[39m
[31m>> 404: /audio/clips/D.mp3[39m
[31m>> 404: /audio/clips/E.mp3[39m
[31m>> 404: /audio/clips/F.mp3[39m
[31m>> 404: /audio/clips/G.mp3[39m
[31m>> 404: /audio/clips/H.mp3[39m
[31m>> 404: /audio/clips/I.mp3[39m
[31m>> 404: /audio/clips/J.mp3[39m
[31m>> 404: /photos/vox/tyler.jpg[39m
[31m>> 404: /photos/pompadour.jpg[39m
[31m>> 404: /photos/briard.jpg[39m
[31m>> 404: /photos/fuji.jpg[39m
[31m>> 404: /photos/mercury.jpg[39m
[31m>> 404: /photos/st-basils-cathedral.jpg[39m
[31m>> 404: /photos/spruce-goose.jpg[39m
[31m>> 404: /photos/zhivago.jpg[39m
[31m>> 404: /photos/mitochondria.png[39m
[31m>> 404: /photos/vox/douche.png[39m
[31m>> 404: /photos/pasta.jpg[39m
[31m>> 404: /photos/rembrandt.jpg[39m
[31m>> 404: /photos/pompadour.jpg[39m
[31m>> 404: /photos/briard.jpg[39m
[31m>> 404: /photos/fuji.jpg[39m
[31m>> 404: /audio/clips/A.mp3[39m
[31m>> 404: /audio/clips/B.mp3[39m
[31m>> 404: /audio/clips/C.mp3[39m
[31m>> 404: /audio/clips/D.mp3[39m
[31m>> 404: /audio/clips/E.mp3[39m
[31m>> 404: /audio/clips/F.mp3[39m
[31m>> 404: /audio/clips/G.mp3[39m
[31m>> 404: /audio/clips/H.mp3[39m
[31m>> 404: /audio/clips/I.mp3[39m
[31m>> 404: /audio/clips/J.mp3[39m
[31m>> 404: /audio/clips/A.mp3[39m
[31m>> 404: /audio/clips/B.mp3[39m
[31m>> 404: /audio/clips/C.mp3[39m
[31m>> 404: /audio/clips/D.mp3[39m
[31m>> 404: /audio/clips/E.mp3[39m
[31m>> 404: /audio/clips/F.mp3[39m
[31m>> 404: /audio/clips/G.mp3[39m
[31m>> 404: /audio/clips/H.mp3[39m
[31m>> 404: /audio/clips/I.mp3[39m
[31m>> 404: /audio/clips/J.mp3[39m
[31m>> 404: /photos/vox/tyler.jpg[39m
[31m>> 404: /photos/mercury.jpg[39m
[31m>> 404: /photos/st-basils-cathedral.jpg[39m
[31m>> 404: /photos/spruce-goose.jpg[39m
[31m>> 404: /photos/zhivago.jpg[39m
[31m>> 404: /photos/mitochondria.png[39m
[31m>> 404: /photos/vox/douche.png[39m
[31m>> 404: /host[39m
[31m>> 404: /photos/pasta.jpg[39m
[31m>> 404: /photos/rembrandt.jpg[39m
[31m>> 404: /photos/pompadour.jpg[39m
[31m>> 404: /photos/briard.jpg[39m
[31m>> 404: /photos/fuji.jpg[39m
[31m>> 404: /photos/mercury.jpg[39m
[31m>> 404: /photos/st-basils-cathedral.jpg[39m
[31m>> 404: /photos/spruce-goose.jpg[39m
[31m>> 404: /photos/zhivago.jpg[39m
[31m>> 404: /photos/mitochondria.png[39m
[31m>> 404: /photos/vox/tyler.jpg[39m
[31m>> 404: /photos/vox/douche.png[39m
[31m>> 404: /audio/clips/A.mp3[39m
[31m>> 404: /audio/clips/B.mp3[39m
[31m>> 404: /audio/clips/C.mp3[39m
[31m>> 404: /audio/clips/D.mp3[39m
[31m>> 404: /audio/clips/E.mp3[39m
[31m>> 404: /audio/clips/F.mp3[39m
[31m>> 404: /audio/clips/G.mp3[39m
[31m>> 404: /audio/clips/H.mp3[39m
[31m>> 404: /audio/clips/I.mp3[39m
[31m>> 404: /audio/clips/J.mp3[39m
[31m>> 404: /audio/clips/A.mp3[39m
[31m>> 404: /audio/clips/B.mp3[39m
[31m>> 404: /audio/clips/C.mp3[39m
[31m>> 404: /audio/clips/D.mp3[39m
[31m>> 404: /audio/clips/E.mp3[39m
[31m>> 404: /audio/clips/F.mp3[39m
[31m>> 404: /audio/clips/G.mp3[39m
[31m>> 404: /audio/clips/H.mp3[39m
[31m>> 404: /audio/clips/I.mp3[39m
[31m>> 404: /audio/clips/J.mp3[39m
[31m>> 404: /photos/pasta.jpg[39m
[31m>> 404: /photos/rembrandt.jpg[39m
[31m>> 404: /photos/pompadour.jpg[39m
[31m>> 404: /photos/briard.jpg[39m
[31m>> 404: /photos/fuji.jpg[39m
[31m>> 404: /photos/mercury.jpg[39m
[31m>> 404: /photos/st-basils-cathedral.jpg[39m
[31m>> 404: /photos/spruce-goose.jpg[39m
[31m>> 404: /photos/zhivago.jpg[39m
[31m>> 404: /photos/mitochondria.png[39m
[31m>> 404: /photos/vox/tyler.jpg[39m
[31m>> 404: /photos/vox/douche.png[39m
[31m>> 404: /audio/clips/A.mp3[39m
[31m>> 404: /audio/clips/B.mp3[39m
[31m>> 404: /audio/clips/C.mp3[39m
[31m>> 404: /audio/clips/D.mp3[39m
[31m>> 404: /audio/clips/E.mp3[39m
[31m>> 404: /audio/clips/F.mp3[39m
[31m>> 404: /audio/clips/G.mp3[39m
[31m>> 404: /audio/clips/H.mp3[39m
[31m>> 404: /audio/clips/I.mp3[39m
[31m>> 404: /audio/clips/J.mp3[39m
[31m>> 404: /audio/clips/A.mp3[39m
[31m>> 404: /audio/clips/B.mp3[39m
[31m>> 404: /audio/clips/C.mp3[39m
[31m>> 404: /audio/clips/D.mp3[39m
[31m>> 404: /audio/clips/E.mp3[39m
[31m>> 404: /audio/clips/F.mp3[39m
[31m>> 404: /audio/clips/G.mp3[39m
[31m>> 404: /audio/clips/H.mp3[39m
[31m>> 404: /audio/clips/I.mp3[39m
[31m>> 404: /audio/clips/J.mp3[39m
[31m>> 404: /photos/pasta.jpg[39m
[31m>> 404: /photos/rembrandt.jpg[39m
[31m>> 404: /photos/pompadour.jpg[39m
[31m>> 404: /photos/briard.jpg[39m
[31m>> 404: /photos/fuji.jpg[39m
[31m>> 404: /photos/mercury.jpg[39m
[31m>> 404: /photos/st-basils-cathedral.jpg[39m
[31m>> 404: /photos/spruce-goose.jpg[39m
[31m>> 404: /photos/zhivago.jpg[39m
[31m>> 404: /photos/mitochondria.png[39m
[31m>> 404: /photos/vox/tyler.jpg[39m
[31m>> 404: /photos/vox/douche.png[39m
[31m>> 404: /photos/pasta.jpg[39m
[31m>> 404: /photos/rembrandt.jpg[39m
[31m>> 404: /photos/pompadour.jpg[39m
[31m>> 404: /photos/briard.jpg[39m
[31m>> 404: /photos/fuji.jpg[39m
[31m>> 404: /photos/mercury.jpg[39m
[31m>> 404: /photos/st-basils-cathedral.jpg[39m
[31m>> 404: /photos/spruce-goose.jpg[39m
[31m>> 404: /photos/zhivago.jpg[39m
[31m>> 404: /photos/mitochondria.png[39m
[31m>> 404: /photos/vox/tyler.jpg[39m
[31m>> 404: /photos/vox/douche.png[39m
[31m>> 404: /audio/clips/A.mp3[39m
[31m>> 404: /audio/clips/B.mp3[39m
[31m>> 404: /audio/clips/C.mp3[39m
[31m>> 404: /audio/clips/D.mp3[39m
[31m>> 404: /audio/clips/E.mp3[39m
[31m>> 404: /audio/clips/F.mp3[39m
[31m>> 404: /audio/clips/G.mp3[39m
[31m>> 404: /audio/clips/H.mp3[39m
[31m>> 404: /audio/clips/I.mp3[39m
[31m>> 404: /audio/clips/J.mp3[39m
[31m>> 404: /audio/clips/A.mp3[39m
[31m>> 404: /audio/clips/B.mp3[39m
[31m>> 404: /audio/clips/C.mp3[39m
[31m>> 404: /audio/clips/D.mp3[39m
[31m>> 404: /audio/clips/E.mp3[39m
[31m>> 404: /audio/clips/F.mp3[39m
[31m>> 404: /audio/clips/G.mp3[39m
[31m>> 404: /audio/clips/H.mp3[39m
[31m>> 404: /audio/clips/I.mp3[39m
[31m>> 404: /audio/clips/J.mp3[39m
[31m>> 404: /photos/pasta.jpg[39m
[31m>> 404: /photos/rembrandt.jpg[39m
[31m>> 404: /photos/pompadour.jpg[39m
[31m>> 404: /photos/briard.jpg[39m
[31m>> 404: /photos/fuji.jpg[39m
[31m>> 404: /photos/mercury.jpg[39m
[31m>> 404: /photos/st-basils-cathedral.jpg[39m
[31m>> 404: /photos/spruce-goose.jpg[39m
[31m>> 404: /photos/zhivago.jpg[39m
[31m>> 404: /photos/mitochondria.png[39m
[31m>> 404: /photos/vox/tyler.jpg[39m
[31m>> 404: /photos/vox/douche.png[39m
[31m>> 404: /photos/pasta.jpg[39m
[31m>> 404: /photos/rembrandt.jpg[39m
[31m>> 404: /audio/clips/A.mp3[39m
[31m>> 404: /audio/clips/B.mp3[39m
[31m>> 404: /audio/clips/C.mp3[39m
[31m>> 404: /audio/clips/D.mp3[39m
[31m>> 404: /audio/clips/E.mp3[39m
[31m>> 404: /audio/clips/F.mp3[39m
[31m>> 404: /audio/clips/G.mp3[39m
[31m>> 404: /audio/clips/H.mp3[39m
[31m>> 404: /audio/clips/I.mp3[39m
[31m>> 404: /audio/clips/J.mp3[39m
[31m>> 404: /audio/clips/A.mp3[39m
[31m>> 404: /audio/clips/B.mp3[39m
[31m>> 404: /audio/clips/C.mp3[39m
[31m>> 404: /audio/clips/D.mp3[39m
[31m>> 404: /audio/clips/E.mp3[39m
[31m>> 404: /audio/clips/F.mp3[39m
[31m>> 404: /audio/clips/G.mp3[39m
[31m>> 404: /audio/clips/H.mp3[39m
[31m>> 404: /audio/clips/I.mp3[39m
[31m>> 404: /audio/clips/J.mp3[39m
[31m>> 404: /photos/pasta.jpg[39m
[31m>> 404: /photos/rembrandt.jpg[39m
[31m>> 404: /photos/pompadour.jpg[39m
[31m>> 404: /photos/briard.jpg[39m
[31m>> 404: /photos/fuji.jpg[39m
[31m>> 404: /photos/mercury.jpg[39m
[31m>> 404: /photos/st-basils-cathedral.jpg[39m
[31m>> 404: /photos/spruce-goose.jpg[39m
[31m>> 404: /photos/zhivago.jpg[39m
[31m>> 404: /photos/mitochondria.png[39m
[31m>> 404: /photos/vox/tyler.jpg[39m
[31m>> 404: /photos/vox/douche.png[39m
[31m>> 404: /photos/pasta.jpg[39m
[31m>> 404: /photos/rembrandt.jpg[39m
[31m>> 404: /photos/pompadour.jpg[39m
[31m>> 404: /photos/briard.jpg[39m
[31m>> 404: /photos/fuji.jpg[39m
[31m>> 404: /photos/mercury.jpg[39m
[31m>> 404: /photos/st-basils-cathedral.jpg[39m
[31m>> 404: /photos/spruce-goose.jpg[39m
[31m>> 404: /photos/zhivago.jpg[39m
[31m>> 404: /photos/mitochondria.png[39m
[31m>> 404: /photos/vox/tyler.jpg[39m
[31m>> 404: /photos/vox/douche.png[39m
[31m>> 404: /audio/clips/A.mp3[39m
[31m>> 404: /audio/clips/B.mp3[39m
[31m>> 404: /audio/clips/C.mp3[39m
[31m>> 404: /audio/clips/D.mp3[39m
[31m>> 404: /audio/clips/E.mp3[39m
[31m>> 404: /audio/clips/F.mp3[39m
[31m>> 404: /audio/clips/G.mp3[39m
[31m>> 404: /audio/clips/H.mp3[39m
[31m>> 404: /audio/clips/I.mp3[39m
[31m>> 404: /audio/clips/J.mp3[39m
[31m>> 404: /audio/clips/A.mp3[39m
[31m>> 404: /audio/clips/B.mp3[39m
[31m>> 404: /audio/clips/C.mp3[39m
[31m>> 404: /audio/clips/D.mp3[39m
[31m>> 404: /audio/clips/E.mp3[39m
[31m>> 404: /audio/clips/F.mp3[39m
[31m>> 404: /audio/clips/G.mp3[39m
[31m>> 404: /audio/clips/H.mp3[39m
[31m>> 404: /audio/clips/I.mp3[39m
[31m>> 404: /audio/clips/J.mp3[39m
[31m>> 404: /photos/pasta.jpg[39m
[31m>> 404: /photos/rembrandt.jpg[39m
[31m>> 404: /photos/pompadour.jpg[39m
[31m>> 404: /photos/briard.jpg[39m
[31m>> 404: /photos/fuji.jpg[39m
[31m>> 404: /photos/mercury.jpg[39m
[31m>> 404: /photos/st-basils-cathedral.jpg[39m
[31m>> 404: /photos/spruce-goose.jpg[39m
[31m>> 404: /photos/zhivago.jpg[39m
[31m>> 404: /photos/mitochondria.png[39m
[31m>> 404: /photos/vox/tyler.jpg[39m
[31m>> 404: /photos/vox/douche.png[39m
[31m>> 404: /photos/pasta.jpg[39m
[31m>> 404: /photos/rembrandt.jpg[39m
[31m>> 404: /photos/pompadour.jpg[39m
[31m>> 404: /photos/briard.jpg[39m
[31m>> 404: /audio/clips/A.mp3[39m
[31m>> 404: /audio/clips/B.mp3[39m
[31m>> 404: /audio/clips/C.mp3[39m
[31m>> 404: /audio/clips/D.mp3[39m
[31m>> 404: /audio/clips/E.mp3[39m
[31m>> 404: /audio/clips/F.mp3[39m
[31m>> 404: /audio/clips/G.mp3[39m
[31m>> 404: /audio/clips/H.mp3[39m
[31m>> 404: /audio/clips/I.mp3[39m
[31m>> 404: /audio/clips/J.mp3[39m
[31m>> 404: /audio/clips/A.mp3[39m
[31m>> 404: /audio/clips/B.mp3[39m
[31m>> 404: /audio/clips/C.mp3[39m
[31m>> 404: /audio/clips/D.mp3[39m
[31m>> 404: /audio/clips/E.mp3[39m
[31m>> 404: /audio/clips/F.mp3[39m
[31m>> 404: /audio/clips/G.mp3[39m
[31m>> 404: /audio/clips/H.mp3[39m
[31m>> 404: /audio/clips/I.mp3[39m
[31m>> 404: /audio/clips/J.mp3[39m
[31m>> 404: /photos/pasta.jpg[39m
[31m>> 404: /photos/rembrandt.jpg[39m
[31m>> 404: /photos/pompadour.jpg[39m
[31m>> 404: /photos/briard.jpg[39m
[31m>> 404: /photos/fuji.jpg[39m
[31m>> 404: /photos/mercury.jpg[39m
[31m>> 404: /photos/st-basils-cathedral.jpg[39m
[31m>> 404: /photos/spruce-goose.jpg[39m
[31m>> 404: /photos/zhivago.jpg[39m
[31m>> 404: /photos/mitochondria.png[39m
[31m>> 404: /photos/vox/tyler.jpg[39m
[31m>> 404: /photos/vox/douche.png[39m
[31m>> 404: /photos/pasta.jpg[39m
[31m>> 404: /photos/rembrandt.jpg[39m
[31m>> 404: /photos/pompadour.jpg[39m
[31m>> 404: /photos/briard.jpg[39m
[31m>> 404: /photos/fuji.jpg[39m
[31m>> 404: /photos/mercury.jpg[39m
[31m>> 404: /photos/st-basils-cathedral.jpg[39m
[31m>> 404: /photos/spruce-goose.jpg[39m
[31m>> 404: /photos/zhivago.jpg[39m
[31m>> 404: /photos/mitochondria.png[39m
[31m>> 404: /photos/vox/tyler.jpg[39m
[31m>> 404: /photos/vox/douche.png[39m
[31m>> 404: /audio/clips/A.mp3[39m
[31m>> 404: /audio/clips/B.mp3[39m
[31m>> 404: /audio/clips/C.mp3[39m
[31m>> 404: /audio/clips/D.mp3[39m
[31m>> 404: /audio/clips/E.mp3[39m
[31m>> 404: /audio/clips/F.mp3[39m
[31m>> 404: /audio/clips/G.mp3[39m
[31m>> 404: /audio/clips/H.mp3[39m
[31m>> 404: /audio/clips/I.mp3[39m
[31m>> 404: /audio/clips/J.mp3[39m
[31m>> 404: /audio/clips/A.mp3[39m
[31m>> 404: /audio/clips/B.mp3[39m
[31m>> 404: /audio/clips/C.mp3[39m
[31m>> 404: /audio/clips/D.mp3[39m
[31m>> 404: /audio/clips/E.mp3[39m
[31m>> 404: /audio/clips/F.mp3[39m
[31m>> 404: /audio/clips/G.mp3[39m
[31m>> 404: /audio/clips/H.mp3[39m
[31m>> 404: /audio/clips/I.mp3[39m
[31m>> 404: /audio/clips/J.mp3[39m


[31m>> Load error: app/client/js/notell.coffee
>> SyntaxError: unexpected =
>> Stack: SyntaxError: unexpected =
  at Object.exports.throwSyntaxError (/Users/dan/Dropbox/dev/notell/node_modules/coffee-script/lib/coffee-script/helpers.js:197:13)
  at Object.parser.yy.parseError (/Users/dan/Dropbox/dev/notell/node_modules/coffee-script/lib/coffee-script/coffee-script.js:265:20)
  at Object.parse (/Users/dan/Dropbox/dev/notell/node_modules/coffee-script/lib/coffee-script/parser.js:537:22)
  at Object.exports.compile.compile [as compile] (/Users/dan/Dropbox/dev/notell/node_modules/coffee-script/lib/coffee-script/coffee-script.js:35:24)
  at compiler (/Users/dan/Dropbox/dev/notell/sys/module.coffee:34:14, <js>:40:29)
  at /Users/dan/Dropbox/dev/notell/sys/helpers.coffee:76:26, <js>:92:40
  at Function._.mixin.sandbox (/Users/dan/Dropbox/dev/notell/sys/helpers.coffee:8:4, <js>:9:16)
  at Gaze.get_code (/Users/dan/Dropbox/dev/notell/sys/helpers.coffee:68:4, <js>:86:18)
  at Gaze.emit (events.js:95:17)
  at Gaze.emit (/Users/dan/Dropbox/dev/notell/node_modules/gaze/lib/gaze.js:119:32)
  at /Users/dan/Dropbox/dev/notell/node_modules/gaze/lib/gaze.js:393:16
  at StatWatcher._pollers.(anonymous function) (/Users/dan/Dropbox/dev/notell/node_modules/gaze/lib/gaze.js:316:7)
  at StatWatcher.emit (events.js:98:17)
  at StatWatcher._handle.onchange (fs.js:1116:10)
[39m
[31m{
    "location": {
        "first_line": 26,
        "first_column": 23,
        "last_line": 26,
        "last_column": 23
    }
}[39m
[31m<<[39m


[31m>> Load error: app/client/js/notell.coffee
>> SyntaxError: unexpected =
>> Stack: SyntaxError: unexpected =
  at Object.exports.throwSyntaxError (/Users/dan/Dropbox/dev/notell/node_modules/coffee-script/lib/coffee-script/helpers.js:197:13)
  at Object.parser.yy.parseError (/Users/dan/Dropbox/dev/notell/node_modules/coffee-script/lib/coffee-script/coffee-script.js:265:20)
  at Object.parse (/Users/dan/Dropbox/dev/notell/node_modules/coffee-script/lib/coffee-script/parser.js:537:22)
  at Object.exports.compile.compile [as compile] (/Users/dan/Dropbox/dev/notell/node_modules/coffee-script/lib/coffee-script/coffee-script.js:35:24)
  at compiler (/Users/dan/Dropbox/dev/notell/sys/module.coffee:34:14, <js>:40:29)
  at /Users/dan/Dropbox/dev/notell/sys/helpers.coffee:76:26, <js>:92:40
  at Function._.mixin.sandbox (/Users/dan/Dropbox/dev/notell/sys/helpers.coffee:8:4, <js>:9:16)
  at Gaze.get_code (/Users/dan/Dropbox/dev/notell/sys/helpers.coffee:68:4, <js>:86:18)
  at Gaze.emit (events.js:95:17)
  at Gaze.emit (/Users/dan/Dropbox/dev/notell/node_modules/gaze/lib/gaze.js:119:32)
  at /Users/dan/Dropbox/dev/notell/node_modules/gaze/lib/gaze.js:393:16
  at StatWatcher._pollers.(anonymous function) (/Users/dan/Dropbox/dev/notell/node_modules/gaze/lib/gaze.js:316:7)
  at StatWatcher.emit (events.js:98:17)
  at StatWatcher._handle.onchange (fs.js:1116:10)
[39m
[31m{
    "location": {
        "first_line": 26,
        "first_column": 23,
        "last_line": 26,
        "last_column": 23
    }
}[39m
[31m<<[39m
[31m>> 404: /img/babushka.jpg[39m
[31m>> 404: /img/babushka.jpg[39m
